[debug] [2025-06-20T15:43:23.802Z] ----------------------------------------------------------------------
[debug] [2025-06-20T15:43:23.820Z] Command:       C:\Program Files\nodejs\node.exe C:\Users\TobsPC\AppData\Roaming\npm\node_modules\firebase-tools\lib\bin\firebase.js deploy --only hosting --debug
[debug] [2025-06-20T15:43:23.822Z] CLI Version:   14.7.0
[debug] [2025-06-20T15:43:23.823Z] Platform:      win32
[debug] [2025-06-20T15:43:23.824Z] Node Version:  v22.16.0
[debug] [2025-06-20T15:43:23.841Z] Time:          Fri Jun 20 2025 17:43:23 GMT+0200 (Central Africa Time)
[debug] [2025-06-20T15:43:23.844Z] ----------------------------------------------------------------------
[debug] 
[debug] [2025-06-20T15:43:25.305Z] > command requires scopes: ["email","openid","https://www.googleapis.com/auth/cloudplatformprojects.readonly","https://www.googleapis.com/auth/firebase","https://www.googleapis.com/auth/cloud-platform"]
[debug] [2025-06-20T15:43:25.312Z] > authorizing via signed-in user (vonsemarketingapp@gmail.com)
[debug] [2025-06-20T15:43:25.314Z] [iam] checking project biine-4b5a9 for permissions ["firebase.projects.get","firebasehosting.sites.update"]
[debug] [2025-06-20T15:43:25.320Z] Checked if tokens are valid: true, expires at: 1750437367589
[debug] [2025-06-20T15:43:25.322Z] Checked if tokens are valid: true, expires at: 1750437367589
[debug] [2025-06-20T15:43:25.326Z] >>> [apiv2][query] POST https://cloudresourcemanager.googleapis.com/v1/projects/biine-4b5a9:testIamPermissions [none]
[debug] [2025-06-20T15:43:25.328Z] >>> [apiv2][(partial)header] POST https://cloudresourcemanager.googleapis.com/v1/projects/biine-4b5a9:testIamPermissions x-goog-quota-user=projects/biine-4b5a9
[debug] [2025-06-20T15:43:25.329Z] >>> [apiv2][body] POST https://cloudresourcemanager.googleapis.com/v1/projects/biine-4b5a9:testIamPermissions {"permissions":["firebase.projects.get","firebasehosting.sites.update"]}
[debug] [2025-06-20T15:43:29.770Z] <<< [apiv2][status] POST https://cloudresourcemanager.googleapis.com/v1/projects/biine-4b5a9:testIamPermissions 200
[debug] [2025-06-20T15:43:29.772Z] <<< [apiv2][body] POST https://cloudresourcemanager.googleapis.com/v1/projects/biine-4b5a9:testIamPermissions {"permissions":["firebase.projects.get","firebasehosting.sites.update"]}
[debug] [2025-06-20T15:43:29.776Z] Checked if tokens are valid: true, expires at: 1750437367589
[debug] [2025-06-20T15:43:29.777Z] Checked if tokens are valid: true, expires at: 1750437367589
[debug] [2025-06-20T15:43:29.780Z] >>> [apiv2][query] GET https://firebase.googleapis.com/v1beta1/projects/biine-4b5a9 [none]
[debug] [2025-06-20T15:43:30.835Z] <<< [apiv2][status] GET https://firebase.googleapis.com/v1beta1/projects/biine-4b5a9 200
[debug] [2025-06-20T15:43:30.839Z] <<< [apiv2][body] GET https://firebase.googleapis.com/v1beta1/projects/biine-4b5a9 {"projectId":"biine-4b5a9","projectNumber":"703004024125","displayName":"Biine Buy and Sell","name":"projects/biine-4b5a9","resources":{"hostingSite":"biine-4b5a9","realtimeDatabaseInstance":"biine-4b5a9-default-rtdb","locationId":"us-central"},"state":"ACTIVE","etag":"1_ed0926b8-4303-4c2e-a350-9c599ed31406"}
[info] 
[info] === Deploying to 'biine-4b5a9'...
[info] 
[info] i  deploying hosting 
[debug] [2025-06-20T15:43:30.921Z] Checked if tokens are valid: true, expires at: 1750437367589
[debug] [2025-06-20T15:43:30.922Z] Checked if tokens are valid: true, expires at: 1750437367589
[debug] [2025-06-20T15:43:30.924Z] >>> [apiv2][query] POST https://firebasehosting.googleapis.com/v1beta1/projects/-/sites/biine-4b5a9/versions [none]
[debug] [2025-06-20T15:43:30.926Z] >>> [apiv2][body] POST https://firebasehosting.googleapis.com/v1beta1/projects/-/sites/biine-4b5a9/versions {"status":"CREATED","labels":{"deployment-tool":"cli-firebase"}}
[debug] [2025-06-20T15:43:33.402Z] <<< [apiv2][status] POST https://firebasehosting.googleapis.com/v1beta1/projects/-/sites/biine-4b5a9/versions 200
[debug] [2025-06-20T15:43:33.403Z] <<< [apiv2][body] POST https://firebasehosting.googleapis.com/v1beta1/projects/-/sites/biine-4b5a9/versions {"name":"projects/703004024125/sites/biine-4b5a9/versions/fafe1c265a23f64a","status":"CREATED","config":{},"labels":{"deployment-tool":"cli-firebase"}}
[info] i  hosting[biine-4b5a9]: beginning deploy... 
[info] i  hosting[biine-4b5a9]: found 29 files in dist 
[debug] [2025-06-20T15:43:42.314Z] [hosting] uploading with 200 concurrency
[debug] [2025-06-20T15:43:42.861Z] Checked if tokens are valid: true, expires at: 1750437367589
[debug] [2025-06-20T15:43:42.863Z] Checked if tokens are valid: true, expires at: 1750437367589
[debug] [2025-06-20T15:43:42.872Z] [hosting] hash cache [ZGlzdA] stored for 29 files
[debug] [2025-06-20T15:43:42.873Z] [hosting][hash queue][FINAL] {"max":497,"min":2,"avg":38.241379310344826,"active":0,"complete":29,"success":29,"errored":0,"retried":0,"total":29,"elapsed":533}
[debug] [2025-06-20T15:43:42.876Z] >>> [apiv2][query] POST https://firebasehosting.googleapis.com/v1beta1/projects/703004024125/sites/biine-4b5a9/versions/fafe1c265a23f64a:populateFiles [none]
[debug] [2025-06-20T15:43:42.878Z] >>> [apiv2][body] POST https://firebasehosting.googleapis.com/v1beta1/projects/703004024125/sites/biine-4b5a9/versions/fafe1c265a23f64a:populateFiles {"files":{"/service-worker.js":"5e7c00ca5274bf171e28ef69865fa3f38c8374049595da5306a62446453c28c1","/manifest.json":"663ea46a1f5cdc971edac8659b47cfeef1e5291e10bdc490d6d269a82ebdbea1","/icon-512.png":"1e1c34b6f140447082a23249c031bb61963867c80d86e197e09a751e2b601319","/icon-32.png":"97d2621f1b0b238115d46f66c558bce5523b7d19c22609278d7d90a94b3e38cc","/icon-192.png":"683d8e9f2e17275cb9b2a44b82e3a6504309d450277406ef39fc38a3b6d7bbdd","/icon-16.png":"38f0f5711ce4be51ad6370b8249ac23e451635c6da376092d72e2ffcb329502f","/favicon.ico":"aba6efe39cc2ab6946887887d1381582e965ef1ddf6b5fcdf82c625b93677def","/apple-touch-icon.png":"9182b4ad7d168254fa5873e1f64791c8cffd2138b1f4f900c9a7ae23765bec0f","/assets/img/placeholder.jpeg":"e692837120d187a8b12155ed0f4e157e44db64519461d17a4b888db88d6df311","/assets/img/logo.png":"520545f3316ad9d2811a9c804ee9260ee9d748c34694ba4db725ef70cfdbf96e","/assets/img/istockphoto-1385118964-612x612.jpg":"7fe5fb6d9335036e6a8613245c7dafbd14d8db3259143e8834076e4d0cf898c9","/assets/img/imgonline-com-ua-resize-VGyvdo03ll.jpg":"e63cdf9d02ef44c6049db367d874316e17ee0f445b073a9d11e99338aab869fe","/assets/img/hero-area.jpg":"112b825fdb004cc9f3e9e1860a9c28de18606b9d3410ad8ea61cd62f8b379c6f","/assets/img/hero-5.jpg":"302aad14429d04a065e4f80aa2239e8ba45997bbe46979aadeaa12610a2f404f","/assets/img/hero-4.jpg":"127492a1a8037f39562b35da5dfa2030299ada134b0a8c79539904bad4a9157f","/assets/img/hero-3.jpg":"2e17e54610ec45baea1e2ac9a8afe0c3b1754e3bb5515570429f9cdcfbf09374","/assets/img/hero-2.jpg":"9a14ff06e64561a321de3754c613b9b99778dfba3ff134d07a173c6725c7d5ca","/assets/img/hero-1.jpg":"ff3c9cc56341dbba5f96af3d0682193f8c0e37d0e1c1c5f259a7143057180f48","/assets/img/c73ecc27d2a9eaa735b1ee95304ba588.jpeg":"619067b8f9ac542eb86955756e6292995be7a16b5135dd0f0b8f8a93e4cba198","/assets/img/africanamerican-technician-repairing-computer-service-600nw-1966086253.webp":"23d90ea41fca3098779fdc935328ca9a8308245decc96c20a7d1ce3090f88619","/assets/img/african-american-electrician-repairing-electricity-600nw-2393271181.webp":"57fa4df39d97618cebf2afece21887f9797727be143a150a9c571d66836d6d3e","/index.html":"12583acceb2a0e5b363e74937ef49f70e4d9244ab8ad5d09563ff64046aef4cc","/assets/9065bfe481020b04b68a-CMveUrS1.woff2":"c94657bc1ad7ab557b29e411fc9dd1b72160793f54bcb870d093b142d6dbeaf3","/assets/index-Byda0dYr.css":"751a0dfd8c7f2615ca48ceb985aa854193571c32295095b0dc08a54beeabdac2","/assets/68caad34b1e80fa12b3a-4Cpu5VkB.woff":"f237facf14b5926088c4fa41560553293c0a3a9c6e1500b09ec5586c39e92404","/assets/d495aba62101f856c80f-DJ4Lg1TH.eot":"88c9e99bda37c56e87b37186dee051e2be5111c1bfa00b1d5d1a35f776ecc0b9","/assets/a9c9056a643325579e2a-CCNAgZDa.ttf":"1074fa51fb6a865e115a2f37cc28129f1a0f70410bb4d6f637f0f397194867b7","/assets/index-CX7BZa2i.js":"e38d572e4cf0ff6020a940ec853448bb9d2c71163af666aabd42811322dc36d1","/assets/6b042d50787d4a81d659-D7JGeKLp.svg":"9453c49fac670e39302bcdd6dcdb5f1fd302fdcf27a73ffe47a93ce7f59ca900"}}
[info] i  hosting: adding files to version [0/29] (0%) 
[debug] [2025-06-20T15:43:44.989Z] <<< [apiv2][status] POST https://firebasehosting.googleapis.com/v1beta1/projects/703004024125/sites/biine-4b5a9/versions/fafe1c265a23f64a:populateFiles 200
[debug] [2025-06-20T15:43:44.991Z] <<< [apiv2][body] POST https://firebasehosting.googleapis.com/v1beta1/projects/703004024125/sites/biine-4b5a9/versions/fafe1c265a23f64a:populateFiles {"uploadUrl":"https://upload-firebasehosting.googleapis.com/upload/sites/biine-4b5a9/versions/fafe1c265a23f64a/files"}
[debug] [2025-06-20T15:43:44.997Z] [hosting][populate queue][FINAL] {"max":2137,"min":2137,"avg":2137,"active":0,"complete":1,"success":1,"errored":0,"retried":0,"total":1,"elapsed":2137}
[debug] [2025-06-20T15:43:45.002Z] [hosting] uploads queued: 0
[debug] [2025-06-20T15:43:45.007Z] [hosting][upload queue][FINAL] {"max":0,"min":9999999999,"avg":0,"active":0,"complete":0,"success":0,"errored":0,"retried":0,"total":0,"elapsed":1750434225007}
[info] i  hosting: upload complete 
[info] +  hosting[biine-4b5a9]: file upload complete 
[debug] [2025-06-20T15:43:45.016Z] [hosting] deploy completed after 2787ms
[debug] [2025-06-20T15:43:45.024Z] [
  {
    "config": {
      "public": "dist",
      "ignore": [
        "firebase.json",
        "**/.*",
        "**/node_modules/**"
      ],
      "rewrites": [
        {
          "source": "**",
          "destination": "/index.html"
        }
      ],
      "site": "biine-4b5a9"
    },
    "version": "projects/703004024125/sites/biine-4b5a9/versions/fafe1c265a23f64a"
  }
]
[info] i  hosting[biine-4b5a9]: finalizing version... 
[debug] [2025-06-20T15:43:45.039Z] Checked if tokens are valid: true, expires at: 1750437367589
[debug] [2025-06-20T15:43:45.045Z] Checked if tokens are valid: true, expires at: 1750437367589
[debug] [2025-06-20T15:43:45.048Z] >>> [apiv2][query] PATCH https://firebasehosting.googleapis.com/v1beta1/projects/-/sites/biine-4b5a9/versions/fafe1c265a23f64a updateMask=status%2Cconfig
[debug] [2025-06-20T15:43:45.049Z] >>> [apiv2][body] PATCH https://firebasehosting.googleapis.com/v1beta1/projects/-/sites/biine-4b5a9/versions/fafe1c265a23f64a {"status":"FINALIZED","config":{"rewrites":[{"glob":"**","path":"/index.html"}]}}
[debug] [2025-06-20T15:43:45.513Z] <<< [apiv2][status] PATCH https://firebasehosting.googleapis.com/v1beta1/projects/-/sites/biine-4b5a9/versions/fafe1c265a23f64a 200
[debug] [2025-06-20T15:43:45.514Z] <<< [apiv2][body] PATCH https://firebasehosting.googleapis.com/v1beta1/projects/-/sites/biine-4b5a9/versions/fafe1c265a23f64a {"name":"projects/703004024125/sites/biine-4b5a9/versions/fafe1c265a23f64a","status":"FINALIZED","config":{"rewrites":[{"glob":"**","path":"/index.html"}]},"labels":{"deployment-tool":"cli-firebase"},"createTime":"2025-06-20T15:43:32.935341Z","createUser":{"email":"vonsemarketingapp@gmail.com"},"finalizeTime":"2025-06-20T15:43:45.291064Z","finalizeUser":{"email":"vonsemarketingapp@gmail.com"}}
[debug] [2025-06-20T15:43:45.521Z] [hosting] finalized version for biine-4b5a9:[object Object]
[info] +  hosting[biine-4b5a9]: version finalized 
[info] i  hosting[biine-4b5a9]: releasing new version... 
[debug] [2025-06-20T15:43:45.527Z] Checked if tokens are valid: true, expires at: 1750437367589
[debug] [2025-06-20T15:43:45.528Z] Checked if tokens are valid: true, expires at: 1750437367589
[debug] [2025-06-20T15:43:45.530Z] >>> [apiv2][query] POST https://firebasehosting.googleapis.com/v1beta1/projects/-/sites/biine-4b5a9/channels/live/releases versionName=projects%2F703004024125%2Fsites%2Fbiine-4b5a9%2Fversions%2Ffafe1c265a23f64a
[debug] [2025-06-20T15:43:45.532Z] >>> [apiv2][body] POST https://firebasehosting.googleapis.com/v1beta1/projects/-/sites/biine-4b5a9/channels/live/releases {}
[debug] [2025-06-20T15:43:46.012Z] <<< [apiv2][status] POST https://firebasehosting.googleapis.com/v1beta1/projects/-/sites/biine-4b5a9/channels/live/releases 200
[debug] [2025-06-20T15:43:46.014Z] <<< [apiv2][body] POST https://firebasehosting.googleapis.com/v1beta1/projects/-/sites/biine-4b5a9/channels/live/releases {"name":"projects/703004024125/sites/biine-4b5a9/channels/live/releases/1750434225237000","version":{"name":"projects/703004024125/sites/biine-4b5a9/versions/fafe1c265a23f64a","status":"FINALIZED","config":{"rewrites":[{"glob":"**","path":"/index.html"}]},"labels":{"deployment-tool":"cli-firebase"},"createTime":"2025-06-20T15:43:32.935341Z","createUser":{"email":"vonsemarketingapp@gmail.com","imageUrl":"https://lh3.googleusercontent.com/a/ACg8ocLJ0q0vH7MUZFPTQ8hJP2iSPm68sZeFBp5VxgHg3J0MWaeM2oE"},"finalizeTime":"2025-06-20T15:43:45.291064Z","finalizeUser":{"email":"vonsemarketingapp@gmail.com","imageUrl":"https://lh3.googleusercontent.com/a/ACg8ocLJ0q0vH7MUZFPTQ8hJP2iSPm68sZeFBp5VxgHg3J0MWaeM2oE"}},"type":"DEPLOY","releaseTime":"2025-06-20T15:43:45.237Z","releaseUser":{"email":"vonsemarketingapp@gmail.com","imageUrl":"https://lh3.googleusercontent.com/a/ACg8ocLJ0q0vH7MUZFPTQ8hJP2iSPm68sZeFBp5VxgHg3J0MWaeM2oE"}}
[debug] [2025-06-20T15:43:46.020Z] [hosting] release: {"name":"projects/703004024125/sites/biine-4b5a9/channels/live/releases/1750434225237000","version":{"name":"projects/703004024125/sites/biine-4b5a9/versions/fafe1c265a23f64a","status":"FINALIZED","config":{"rewrites":[{"glob":"**","path":"/index.html"}]},"labels":{"deployment-tool":"cli-firebase"},"createTime":"2025-06-20T15:43:32.935341Z","createUser":{"email":"vonsemarketingapp@gmail.com","imageUrl":"https://lh3.googleusercontent.com/a/ACg8ocLJ0q0vH7MUZFPTQ8hJP2iSPm68sZeFBp5VxgHg3J0MWaeM2oE"},"finalizeTime":"2025-06-20T15:43:45.291064Z","finalizeUser":{"email":"vonsemarketingapp@gmail.com","imageUrl":"https://lh3.googleusercontent.com/a/ACg8ocLJ0q0vH7MUZFPTQ8hJP2iSPm68sZeFBp5VxgHg3J0MWaeM2oE"}},"type":"DEPLOY","releaseTime":"2025-06-20T15:43:45.237Z","releaseUser":{"email":"vonsemarketingapp@gmail.com","imageUrl":"https://lh3.googleusercontent.com/a/ACg8ocLJ0q0vH7MUZFPTQ8hJP2iSPm68sZeFBp5VxgHg3J0MWaeM2oE"}}
[info] +  hosting[biine-4b5a9]: release complete 
[info] 
[info] +  Deploy complete! 
[info] 
[info] Project Console: https://console.firebase.google.com/project/biine-4b5a9/overview
[info] Hosting URL: https://biine-4b5a9.web.app
